<?xml version="1.0" encoding="UTF-8"?>
<!-- Generated by org.testng.reporters.JUnitReportReporter -->
<testsuite skipped="0" hostname="WINCTRL-RP1RR65" name="TS_MSM_01" tests="1" failures="0" timestamp="17 Aug 2020 12:34:03 GMT" time="1.550" errors="0">
  <testcase name="newTest01" time="1.550" classname="TS_MSM_01"/>
</testsuite> <!-- TS_MSM_01 -->
