<?xml version="1.0" encoding="UTF-8"?>
<!-- Generated by org.testng.reporters.JUnitReportReporter -->
<testsuite skipped="0" hostname="WINCTRL-RP1RR65" name="TS_Login_01" tests="13" failures="0" timestamp="17 Aug 2020 13:01:34 GMT" time="131.360" errors="0">
  <testcase name="testcase_08" time="5.638" classname="TS_Login_01"/>
  <testcase name="testcase_12" time="10.282" classname="TS_Login_01"/>
  <testcase name="testcase_10" time="10.078" classname="TS_Login_01"/>
  <testcase name="testcase_02" time="7.583" classname="TS_Login_01"/>
  <testcase name="testcase_06" time="13.651" classname="TS_Login_01"/>
  <testcase name="testcase_03" time="6.812" classname="TS_Login_01"/>
  <testcase name="testcase_09" time="5.531" classname="TS_Login_01"/>
  <testcase name="testcase_13" time="9.843" classname="TS_Login_01"/>
  <testcase name="testcase_05" time="13.768" classname="TS_Login_01"/>
  <testcase name="testcase_01" time="10.345" classname="TS_Login_01"/>
  <testcase name="testcase_11" time="9.500" classname="TS_Login_01"/>
  <testcase name="testcase_07" time="14.264" classname="TS_Login_01"/>
  <testcase name="testcase_04" time="14.065" classname="TS_Login_01"/>
</testsuite> <!-- TS_Login_01 -->
