<?xml version="1.0" encoding="UTF-8"?>
<!-- Generated by org.testng.reporters.JUnitReportReporter -->
<testsuite skipped="13" hostname="WINCTRL-RP1RR65" name="TS_Login_01" tests="14" failures="0" timestamp="17 Aug 2020 11:57:57 GMT" time="1.495" errors="1">
  <testcase name="testcase_07" time="0.000" classname="TS_Login_01">
    <skipped/>
  </testcase> <!-- testcase_07 -->
  <testcase name="beforeAllTest" time="1.493" classname="TS_Login_01">
    <error type="java.lang.IllegalStateException" message="Cannot get a text value from a numeric cell">
      <![CDATA[java.lang.IllegalStateException: Cannot get a text value from a numeric cell
	at org.apache.poi.xssf.usermodel.XSSFCell.typeMismatch(XSSFCell.java:855)
	at org.apache.poi.xssf.usermodel.XSSFCell.getRichStringCellValue(XSSFCell.java:299)
	at org.apache.poi.xssf.usermodel.XSSFCell.getStringCellValue(XSSFCell.java:251)
	at MoneySuperMarketInputs.loadExcel(MoneySuperMarketInputs.java:42)
	at TS_Login_01.beforeAllTest(TS_Login_01.java:19)
	at sun.reflect.NativeMethodAccessorImpl.invoke0(Native Method)
	at sun.reflect.NativeMethodAccessorImpl.invoke(NativeMethodAccessorImpl.java:62)
	at sun.reflect.DelegatingMethodAccessorImpl.invoke(DelegatingMethodAccessorImpl.java:43)
	at java.lang.reflect.Method.invoke(Method.java:498)
	at org.testng.internal.MethodInvocationHelper.invokeMethod(MethodInvocationHelper.java:108)
	at org.testng.internal.Invoker.invokeConfigurationMethod(Invoker.java:523)
	at org.testng.internal.Invoker.invokeConfigurations(Invoker.java:224)
	at org.testng.internal.Invoker.invokeConfigurations(Invoker.java:146)
	at org.testng.TestRunner.beforeRun(TestRunner.java:626)
	at org.testng.TestRunner.run(TestRunner.java:594)
	at org.testng.SuiteRunner.runTest(SuiteRunner.java:380)
	at org.testng.SuiteRunner.runSequentially(SuiteRunner.java:375)
	at org.testng.SuiteRunner.privateRun(SuiteRunner.java:340)
	at org.testng.SuiteRunner.run(SuiteRunner.java:289)
	at org.testng.SuiteRunnerWorker.runSuite(SuiteRunnerWorker.java:52)
	at org.testng.SuiteRunnerWorker.run(SuiteRunnerWorker.java:86)
	at org.testng.TestNG.runSuitesSequentially(TestNG.java:1301)
	at org.testng.TestNG.runSuitesLocally(TestNG.java:1226)
	at org.testng.TestNG.runSuites(TestNG.java:1144)
	at org.testng.TestNG.run(TestNG.java:1115)
	at org.testng.remote.AbstractRemoteTestNG.run(AbstractRemoteTestNG.java:114)
	at org.testng.remote.RemoteTestNG.initAndRun(RemoteTestNG.java:251)
	at org.testng.remote.RemoteTestNG.main(RemoteTestNG.java:77)
]]>
    </error>
  </testcase> <!-- beforeAllTest -->
  <testcase name="testcase_09" time="0.000" classname="TS_Login_01">
    <skipped/>
  </testcase> <!-- testcase_09 -->
  <testcase name="testcase_06" time="0.000" classname="TS_Login_01">
    <skipped/>
  </testcase> <!-- testcase_06 -->
  <testcase name="testcase_10" time="0.000" classname="TS_Login_01">
    <skipped/>
  </testcase> <!-- testcase_10 -->
  <testcase name="testcase_13" time="0.000" classname="TS_Login_01">
    <skipped/>
  </testcase> <!-- testcase_13 -->
  <testcase name="testcase_05" time="0.000" classname="TS_Login_01">
    <skipped/>
  </testcase> <!-- testcase_05 -->
  <testcase name="testcase_11" time="0.000" classname="TS_Login_01">
    <skipped/>
  </testcase> <!-- testcase_11 -->
  <testcase name="testcase_01" time="0.001" classname="TS_Login_01">
    <skipped/>
  </testcase> <!-- testcase_01 -->
  <testcase name="testcase_04" time="0.000" classname="TS_Login_01">
    <skipped/>
  </testcase> <!-- testcase_04 -->
  <testcase name="testcase_03" time="0.000" classname="TS_Login_01">
    <skipped/>
  </testcase> <!-- testcase_03 -->
  <testcase name="testcase_02" time="0.000" classname="TS_Login_01">
    <skipped/>
  </testcase> <!-- testcase_02 -->
  <testcase name="testcase_08" time="0.000" classname="TS_Login_01">
    <skipped/>
  </testcase> <!-- testcase_08 -->
  <testcase name="testcase_12" time="0.001" classname="TS_Login_01">
    <skipped/>
  </testcase> <!-- testcase_12 -->
</testsuite> <!-- TS_Login_01 -->
