<?xml version="1.0" encoding="UTF-8"?>
<!-- Generated by org.testng.reporters.JUnitReportReporter -->
<testsuite skipped="10" hostname="WINCTRL-RP1RR65" name="TS_Login_001" tests="11" failures="0" timestamp="11 Aug 2020 22:11:01 GMT" time="6.789" errors="1">
  <testcase name="testcase_003" time="0.000" classname="TS_Login_001">
    <skipped/>
  </testcase> <!-- testcase_003 -->
  <testcase name="beforeAllTest" time="6.788" classname="TS_Login_001">
    <error type="java.lang.NullPointerException" message="null value in entry: url=null">
      <![CDATA[java.lang.NullPointerException: null value in entry: url=null
	at com.google.common.collect.CollectPreconditions.checkEntryNotNull(CollectPreconditions.java:32)
	at com.google.common.collect.SingletonImmutableBiMap.<init>(SingletonImmutableBiMap.java:42)
	at com.google.common.collect.ImmutableBiMap.of(ImmutableBiMap.java:72)
	at com.google.common.collect.ImmutableMap.of(ImmutableMap.java:124)
	at org.openqa.selenium.remote.RemoteWebDriver.get(RemoteWebDriver.java:277)
	at NaukriReusables.naukriURL(NaukriReusables.java:47)
	at TS_Login_001.beforeAllTest(TS_Login_001.java:19)
	at sun.reflect.NativeMethodAccessorImpl.invoke0(Native Method)
	at sun.reflect.NativeMethodAccessorImpl.invoke(NativeMethodAccessorImpl.java:62)
	at sun.reflect.DelegatingMethodAccessorImpl.invoke(DelegatingMethodAccessorImpl.java:43)
	at java.lang.reflect.Method.invoke(Method.java:498)
	at org.testng.internal.MethodInvocationHelper.invokeMethod(MethodInvocationHelper.java:108)
	at org.testng.internal.Invoker.invokeConfigurationMethod(Invoker.java:523)
	at org.testng.internal.Invoker.invokeConfigurations(Invoker.java:224)
	at org.testng.internal.Invoker.invokeConfigurations(Invoker.java:146)
	at org.testng.TestRunner.beforeRun(TestRunner.java:626)
	at org.testng.TestRunner.run(TestRunner.java:594)
	at org.testng.SuiteRunner.runTest(SuiteRunner.java:380)
	at org.testng.SuiteRunner.runSequentially(SuiteRunner.java:375)
	at org.testng.SuiteRunner.privateRun(SuiteRunner.java:340)
	at org.testng.SuiteRunner.run(SuiteRunner.java:289)
	at org.testng.SuiteRunnerWorker.runSuite(SuiteRunnerWorker.java:52)
	at org.testng.SuiteRunnerWorker.run(SuiteRunnerWorker.java:86)
	at org.testng.TestNG.runSuitesSequentially(TestNG.java:1301)
	at org.testng.TestNG.runSuitesLocally(TestNG.java:1226)
	at org.testng.TestNG.runSuites(TestNG.java:1144)
	at org.testng.TestNG.run(TestNG.java:1115)
	at org.testng.remote.AbstractRemoteTestNG.run(AbstractRemoteTestNG.java:114)
	at org.testng.remote.RemoteTestNG.initAndRun(RemoteTestNG.java:251)
	at org.testng.remote.RemoteTestNG.main(RemoteTestNG.java:77)
]]>
    </error>
  </testcase> <!-- beforeAllTest -->
  <testcase name="testcase_002" time="0.000" classname="TS_Login_001">
    <skipped/>
  </testcase> <!-- testcase_002 -->
  <testcase name="testcase_009" time="0.000" classname="TS_Login_001">
    <skipped/>
  </testcase> <!-- testcase_009 -->
  <testcase name="testcase_005" time="0.000" classname="TS_Login_001">
    <skipped/>
  </testcase> <!-- testcase_005 -->
  <testcase name="testcase_006" time="0.000" classname="TS_Login_001">
    <skipped/>
  </testcase> <!-- testcase_006 -->
  <testcase name="testcase_007" time="0.000" classname="TS_Login_001">
    <skipped/>
  </testcase> <!-- testcase_007 -->
  <testcase name="testcase_010" time="0.000" classname="TS_Login_001">
    <skipped/>
  </testcase> <!-- testcase_010 -->
  <testcase name="testcase_008" time="0.000" classname="TS_Login_001">
    <skipped/>
  </testcase> <!-- testcase_008 -->
  <testcase name="testcase_001" time="0.001" classname="TS_Login_001">
    <skipped/>
  </testcase> <!-- testcase_001 -->
  <testcase name="testcase_004" time="0.000" classname="TS_Login_001">
    <skipped/>
  </testcase> <!-- testcase_004 -->
</testsuite> <!-- TS_Login_001 -->
