<?xml version="1.0" encoding="UTF-8"?>
<!-- Generated by org.testng.reporters.JUnitReportReporter -->
<testsuite skipped="0" hostname="WINCTRL-RP1RR65" name="TS_Login_006" tests="3" failures="0" timestamp="13 Aug 2020 04:31:18 GMT" time="30.883" errors="0">
  <testcase name="testcase_024" time="10.961" classname="TS_Login_006"/>
  <testcase name="testcase_023" time="9.978" classname="TS_Login_006"/>
  <testcase name="testcase_025" time="9.944" classname="TS_Login_006"/>
</testsuite> <!-- TS_Login_006 -->
