<?xml version="1.0" encoding="UTF-8"?>
<!-- Generated by org.testng.reporters.JUnitReportReporter -->
<testsuite skipped="0" hostname="WINCTRL-RP1RR65" name="TS_Login_001" tests="10" failures="0" timestamp="09 Aug 2020 15:05:52 GMT" time="137.309" errors="0">
  <testcase name="testcase_007" time="11.115" classname="TS_Login_001"/>
  <testcase name="testcase_006" time="14.366" classname="TS_Login_001"/>
  <testcase name="testcase_001" time="20.803" classname="TS_Login_001"/>
  <testcase name="testcase_002" time="17.927" classname="TS_Login_001"/>
  <testcase name="testcase_003" time="17.907" classname="TS_Login_001"/>
  <testcase name="testcase_004" time="17.452" classname="TS_Login_001"/>
  <testcase name="testcase_005" time="7.631" classname="TS_Login_001"/>
  <testcase name="testcase_008" time="11.235" classname="TS_Login_001"/>
  <testcase name="testcase_009" time="11.228" classname="TS_Login_001"/>
  <testcase name="testcase_010" time="7.645" classname="TS_Login_001"/>
</testsuite> <!-- TS_Login_001 -->
