<?xml version="1.0" encoding="UTF-8"?>
<!-- Generated by org.testng.reporters.JUnitReportReporter -->
<testsuite skipped="0" hostname="WINCTRL-RP1RR65" name="TS_Login_006" tests="3" failures="0" timestamp="12 Aug 2020 22:49:37 GMT" time="29.986" errors="0">
  <testcase name="testcase_023" time="10.280" classname="TS_Login_006"/>
  <testcase name="testcase_024" time="9.788" classname="TS_Login_006"/>
  <testcase name="testcase_025" time="9.918" classname="TS_Login_006"/>
</testsuite> <!-- TS_Login_006 -->
