<?xml version="1.0" encoding="UTF-8"?>
<!-- Generated by org.testng.reporters.JUnitReportReporter -->
<testsuite skipped="0" hostname="WINCTRL-RP1RR65" name="TestSuite_001" tests="2" failures="0" timestamp="09 Aug 2020 15:29:48 GMT" time="0.008" errors="0">
  <testcase name="testcase_02" time="0.008" classname="TestSuite_001"/>
  <testcase name="testcase_01" time="0.000" classname="TestSuite_001"/>
</testsuite> <!-- TestSuite_001 -->
