<?xml version="1.0" encoding="UTF-8"?>
<!-- Generated by org.testng.reporters.JUnitReportReporter -->
<testsuite skipped="0" hostname="WINCTRL-RP1RR65" name="TS_Login_005" tests="3" failures="0" timestamp="12 Aug 2020 22:19:08 GMT" time="24.455" errors="0">
  <testcase name="testcase_021" time="8.594" classname="TS_Login_005"/>
  <testcase name="testcase_020" time="7.896" classname="TS_Login_005"/>
  <testcase name="testcase_022" time="7.965" classname="TS_Login_005"/>
</testsuite> <!-- TS_Login_005 -->
