<?xml version="1.0" encoding="UTF-8"?>
<!-- Generated by org.testng.reporters.JUnitReportReporter -->
<testsuite skipped="0" hostname="WINCTRL-RP1RR65" name="TS_Login_003" tests="3" failures="0" timestamp="12 Aug 2020 21:38:58 GMT" time="28.176" errors="0">
  <testcase name="testcase_015" time="10.479" classname="TS_Login_003"/>
  <testcase name="testcase_014" time="9.817" classname="TS_Login_003"/>
  <testcase name="testcase_016" time="7.880" classname="TS_Login_003"/>
</testsuite> <!-- TS_Login_003 -->
