<?xml version="1.0" encoding="UTF-8"?>
<!-- Generated by org.testng.reporters.JUnitReportReporter -->
<testsuite skipped="0" hostname="WINCTRL-RP1RR65" name="TestNG" tests="9" failures="0" timestamp="08 Aug 2020 11:39:39 GMT" time="0.028" errors="0">
  <testcase name="TC_001" time="0.002" classname="TestNG"/>
  <testcase name="TC_00" time="0.006" classname="TestNG"/>
  <testcase name="TC_006" time="0.002" classname="TestNG"/>
  <testcase name="TC_008" time="0.002" classname="TestNG"/>
  <testcase name="TC_007" time="0.006" classname="TestNG"/>
  <testcase name="TC_004" time="0.004" classname="TestNG"/>
  <testcase name="TC_003" time="0.002" classname="TestNG"/>
  <testcase name="TC_002" time="0.002" classname="TestNG"/>
  <testcase name="TC_005" time="0.002" classname="TestNG"/>
</testsuite> <!-- TestNG -->
