<?xml version="1.0" encoding="UTF-8"?>
<!-- Generated by org.testng.reporters.JUnitReportReporter -->
<testsuite skipped="0" hostname="WINCTRL-RP1RR65" name="TS_Login_001" tests="3" failures="0" timestamp="08 Aug 2020 12:40:40 GMT" time="57.860" errors="0">
  <testcase name="testcase_03" time="18.365" classname="TS_Login_001"/>
  <testcase name="testcase_02" time="17.764" classname="TS_Login_001"/>
  <testcase name="testcase_01" time="21.731" classname="TS_Login_001"/>
</testsuite> <!-- TS_Login_001 -->
