<?xml version="1.0" encoding="UTF-8"?>
<!-- Generated by org.testng.reporters.JUnitReportReporter -->
<testsuite skipped="0" hostname="WINCTRL-RP1RR65" name="TS_Login_002" tests="3" failures="0" timestamp="12 Aug 2020 05:10:53 GMT" time="26.187" errors="0">
  <testcase name="testcase_011" time="9.087" classname="TS_Login_002"/>
  <testcase name="testcase_012" time="8.026" classname="TS_Login_002"/>
  <testcase name="testcase_013" time="9.074" classname="TS_Login_002"/>
</testsuite> <!-- TS_Login_002 -->
