<?xml version="1.0" encoding="UTF-8"?>
<!-- Generated by org.testng.reporters.JUnitReportReporter -->
<testsuite skipped="0" hostname="WINCTRL-RP1RR65" name="TestSuite_001" tests="2" failures="0" timestamp="09 Aug 2020 18:54:04 GMT" time="0.016" errors="0">
  <testcase name="testcase_02" time="0.010" classname="TestSuite_001"/>
  <testcase name="testcase_01" time="0.006" classname="TestSuite_001"/>
</testsuite> <!-- TestSuite_001 -->
