<?xml version="1.0" encoding="UTF-8"?>
<!-- Generated by org.testng.reporters.JUnitReportReporter -->
<testsuite skipped="0" hostname="WINCTRL-RP1RR65" name="TS_Login_004" tests="3" failures="0" timestamp="12 Aug 2020 22:03:18 GMT" time="27.069" errors="0">
  <testcase name="testcase_017" time="10.993" classname="TS_Login_004"/>
  <testcase name="testcase_018" time="7.771" classname="TS_Login_004"/>
  <testcase name="testcase_019" time="8.305" classname="TS_Login_004"/>
</testsuite> <!-- TS_Login_004 -->
