<?xml version="1.0" encoding="UTF-8"?>
<!-- Generated by org.testng.reporters.JUnitReportReporter -->
<testsuite skipped="0" hostname="WINCTRL-RP1RR65" name="TS_Login_001" tests="10" failures="0" timestamp="09 Aug 2020 15:49:25 GMT" time="137.126" errors="0">
  <testcase name="testcase_007" time="11.082" classname="TS_Login_001"/>
  <testcase name="testcase_006" time="14.906" classname="TS_Login_001"/>
  <testcase name="testcase_001" time="21.007" classname="TS_Login_001"/>
  <testcase name="testcase_002" time="17.580" classname="TS_Login_001"/>
  <testcase name="testcase_003" time="18.017" classname="TS_Login_001"/>
  <testcase name="testcase_004" time="17.274" classname="TS_Login_001"/>
  <testcase name="testcase_005" time="8.002" classname="TS_Login_001"/>
  <testcase name="testcase_008" time="10.890" classname="TS_Login_001"/>
  <testcase name="testcase_009" time="10.868" classname="TS_Login_001"/>
  <testcase name="testcase_010" time="7.500" classname="TS_Login_001"/>
</testsuite> <!-- TS_Login_001 -->
